<?xml version="1.0"?>
<!DOCTYPE coverage SYSTEM "http://cobertura.sourceforge.net/xml/coverage-04.dtd">
<coverage line-rate="0.91" lines-covered="224" lines-valid="204" branches-covered="17" branches-valid="17" branch-rate="1.00" complexity="0" version="1.0" timestamp="1423457378447">
      <sources>
        <source>/src/main/scala</source>
      </sources>
      <packages>
        <package name="com.knol.core.impl" line-rate="0.91" branch-rate="1.00" complexity="0">
      <classes>
        <class name="SessionRepoImpl" filename="src/main/scala/com/knol/core/impl/SessionRepoImpl.scala" line-rate="0.91" branch-rate="1.00" complexity="0">
      <methods>
        <method name="com.knol.core.impl/SessionRepoImpl/updateSession" signature="()V" line-rate="0.94" branch-rate="1.00">
      <lines>
        <line number="132" hits="1" branch="false"/><line number="128" hits="1" branch="false"/><line number="132" hits="1" branch="false"/><line number="144" hits="0" branch="false"/><line number="140" hits="1" branch="false"/><line number="132" hits="1" branch="false"/><line number="129" hits="1" branch="false"/><line number="134" hits="1" branch="false"/><line number="136" hits="1" branch="false"/><line number="132" hits="1" branch="false"/><line number="135" hits="1" branch="false"/><line number="132" hits="1" branch="false"/><line number="139" hits="1" branch="false"/><line number="125" hits="1" branch="false"/><line number="133" hits="1" branch="false"/><line number="131" hits="1" branch="false"/><line number="135" hits="1" branch="false"/><line number="130" hits="1" branch="false"/>
      </lines>
    </method><method name="com.knol.core.impl/SessionRepoImpl/createNewSession" signature="()V" line-rate="0.94" branch-rate="1.00">
      <lines>
        <line number="73" hits="1" branch="false"/><line number="83" hits="1" branch="false"/><line number="77" hits="1" branch="false"/><line number="86" hits="1" branch="false"/><line number="79" hits="1" branch="false"/><line number="89" hits="1" branch="false"/><line number="82" hits="1" branch="false"/><line number="94" hits="0" branch="false"/><line number="77" hits="1" branch="false"/><line number="86" hits="1" branch="false"/><line number="84" hits="1" branch="false"/><line number="77" hits="1" branch="false"/><line number="76" hits="1" branch="false"/><line number="78" hits="1" branch="false"/><line number="81" hits="1" branch="false"/><line number="90" hits="1" branch="false"/><line number="89" hits="1" branch="false"/><line number="80" hits="1" branch="false"/>
      </lines>
    </method><method name="com.knol.core.impl/SessionRepoImpl/getList" signature="()V" line-rate="0.86" branch-rate="1.00">
      <lines>
        <line number="159" hits="1" branch="false"/><line number="159" hits="1" branch="false"/><line number="162" hits="1" branch="false"/><line number="161" hits="1" branch="false"/><line number="159" hits="1" branch="false"/><line number="169" hits="0" branch="false"/><line number="155" hits="1" branch="false"/><line number="164" hits="1" branch="false"/><line number="159" hits="1" branch="false"/><line number="158" hits="1" branch="false"/><line number="157" hits="1" branch="false"/><line number="174" hits="0" branch="false"/><line number="164" hits="1" branch="false"/><line number="160" hits="1" branch="false"/><line number="159" hits="1" branch="false"/><line number="151" hits="1" branch="false"/><line number="163" hits="1" branch="false"/><line number="154" hits="1" branch="false"/><line number="166" hits="1" branch="false"/><line number="156" hits="1" branch="false"/><line number="164" hits="1" branch="false"/><line number="170" hits="0" branch="false"/>
      </lines>
    </method><method name="com.knol.core.impl/SessionRepoImpl/deleteSessionByID" signature="()V" line-rate="0.92" branch-rate="1.00">
      <lines>
        <line number="101" hits="1" branch="false"/><line number="104" hits="1" branch="false"/><line number="107" hits="1" branch="false"/><line number="118" hits="0" branch="false"/><line number="114" hits="1" branch="false"/><line number="108" hits="1" branch="false"/><line number="110" hits="1" branch="false"/><line number="106" hits="1" branch="false"/><line number="105" hits="1" branch="false"/><line number="113" hits="1" branch="false"/><line number="108" hits="1" branch="false"/><line number="109" hits="1" branch="false"/><line number="109" hits="1" branch="false"/>
      </lines>
    </method><method name="com.knol.core.impl/SessionRepoImpl/create" signature="()V" line-rate="0.84" branch-rate="1.00">
      <lines>
        <line number="20" hits="1" branch="false"/><line number="29" hits="1" branch="false"/><line number="23" hits="1" branch="false"/><line number="30" hits="1" branch="false"/><line number="33" hits="0" branch="false"/><line number="26" hits="1" branch="false"/><line number="25" hits="1" branch="false"/><line number="19" hits="1" branch="false"/><line number="38" hits="0" branch="false"/><line number="16" hits="1" branch="false"/><line number="28" hits="1" branch="false"/><line number="22" hits="1" branch="false"/><line number="29" hits="1" branch="false"/><line number="24" hits="1" branch="false"/><line number="30" hits="1" branch="false"/><line number="27" hits="1" branch="false"/><line number="34" hits="0" branch="false"/><line number="21" hits="1" branch="false"/><line number="29" hits="1" branch="false"/>
      </lines>
    </method><method name="com.knol.core.impl/SessionRepoImpl/searchSessionByID" signature="()V" line-rate="0.94" branch-rate="1.00">
      <lines>
        <line number="45" hits="1" branch="false"/><line number="56" hits="1" branch="false"/><line number="58" hits="1" branch="false"/><line number="47" hits="1" branch="false"/><line number="61" hits="1" branch="false"/><line number="53" hits="1" branch="false"/><line number="52" hits="1" branch="false"/><line number="50" hits="1" branch="false"/><line number="55" hits="1" branch="false"/><line number="66" hits="0" branch="false"/><line number="58" hits="1" branch="false"/><line number="46" hits="1" branch="false"/><line number="57" hits="1" branch="false"/><line number="46" hits="1" branch="false"/><line number="58" hits="1" branch="false"/><line number="51" hits="1" branch="false"/><line number="54" hits="1" branch="false"/><line number="62" hits="1" branch="false"/>
      </lines>
    </method>
      </methods>
      <lines>
        <line number="73" hits="1" branch="false"/><line number="83" hits="1" branch="false"/><line number="20" hits="1" branch="false"/><line number="159" hits="1" branch="false"/><line number="132" hits="1" branch="false"/><line number="128" hits="1" branch="false"/><line number="159" hits="1" branch="false"/><line number="101" hits="1" branch="false"/><line number="104" hits="1" branch="false"/><line number="29" hits="1" branch="false"/><line number="45" hits="1" branch="false"/><line number="56" hits="1" branch="false"/><line number="23" hits="1" branch="false"/><line number="58" hits="1" branch="false"/><line number="47" hits="1" branch="false"/><line number="162" hits="1" branch="false"/><line number="132" hits="1" branch="false"/><line number="107" hits="1" branch="false"/><line number="144" hits="0" branch="false"/><line number="118" hits="0" branch="false"/><line number="30" hits="1" branch="false"/><line number="77" hits="1" branch="false"/><line number="86" hits="1" branch="false"/><line number="61" hits="1" branch="false"/><line number="53" hits="1" branch="false"/><line number="33" hits="0" branch="false"/><line number="26" hits="1" branch="false"/><line number="140" hits="1" branch="false"/><line number="161" hits="1" branch="false"/><line number="132" hits="1" branch="false"/><line number="114" hits="1" branch="false"/><line number="159" hits="1" branch="false"/><line number="79" hits="1" branch="false"/><line number="89" hits="1" branch="false"/><line number="52" hits="1" branch="false"/><line number="50" hits="1" branch="false"/><line number="25" hits="1" branch="false"/><line number="169" hits="0" branch="false"/><line number="108" hits="1" branch="false"/><line number="129" hits="1" branch="false"/><line number="134" hits="1" branch="false"/><line number="19" hits="1" branch="false"/><line number="155" hits="1" branch="false"/><line number="164" hits="1" branch="false"/><line number="136" hits="1" branch="false"/><line number="110" hits="1" branch="false"/><line number="132" hits="1" branch="false"/><line number="38" hits="0" branch="false"/><line number="55" hits="1" branch="false"/><line number="66" hits="0" branch="false"/><line number="159" hits="1" branch="false"/><line number="16" hits="1" branch="false"/><line number="28" hits="1" branch="false"/><line number="158" hits="1" branch="false"/><line number="82" hits="1" branch="false"/><line number="94" hits="0" branch="false"/><line number="77" hits="1" branch="false"/><line number="58" hits="1" branch="false"/><line number="46" hits="1" branch="false"/><line number="86" hits="1" branch="false"/><line number="106" hits="1" branch="false"/><line number="22" hits="1" branch="false"/><line number="29" hits="1" branch="false"/><line number="157" hits="1" branch="false"/><line number="135" hits="1" branch="false"/><line number="174" hits="0" branch="false"/><line number="164" hits="1" branch="false"/><line number="84" hits="1" branch="false"/><line number="132" hits="1" branch="false"/><line number="105" hits="1" branch="false"/><line number="139" hits="1" branch="false"/><line number="57" hits="1" branch="false"/><line number="77" hits="1" branch="false"/><line number="46" hits="1" branch="false"/><line number="113" hits="1" branch="false"/><line number="160" hits="1" branch="false"/><line number="159" hits="1" branch="false"/><line number="151" hits="1" branch="false"/><line number="125" hits="1" branch="false"/><line number="133" hits="1" branch="false"/><line number="76" hits="1" branch="false"/><line number="58" hits="1" branch="false"/><line number="108" hits="1" branch="false"/><line number="78" hits="1" branch="false"/><line number="24" hits="1" branch="false"/><line number="30" hits="1" branch="false"/><line number="51" hits="1" branch="false"/><line number="163" hits="1" branch="false"/><line number="154" hits="1" branch="false"/><line number="131" hits="1" branch="false"/><line number="81" hits="1" branch="false"/><line number="54" hits="1" branch="false"/><line number="90" hits="1" branch="false"/><line number="109" hits="1" branch="false"/><line number="27" hits="1" branch="false"/><line number="62" hits="1" branch="false"/><line number="34" hits="0" branch="false"/><line number="21" hits="1" branch="false"/><line number="29" hits="1" branch="false"/><line number="166" hits="1" branch="false"/><line number="135" hits="1" branch="false"/><line number="89" hits="1" branch="false"/><line number="156" hits="1" branch="false"/><line number="130" hits="1" branch="false"/><line number="80" hits="1" branch="false"/><line number="109" hits="1" branch="false"/><line number="164" hits="1" branch="false"/><line number="170" hits="0" branch="false"/>
      </lines>
    </class><class name="KnolRepoImpl" filename="src/main/scala/com/knol/core/impl/KnolRepoImpl.scala" line-rate="0.91" branch-rate="1.00" complexity="0">
      <methods>
        <method name="com.knol.core.impl/KnolRepoImpl/searchKnolderByID" signature="()V" line-rate="0.93" branch-rate="1.00">
      <lines>
        <line number="76" hits="1" branch="false"/><line number="70" hits="1" branch="false"/><line number="68" hits="1" branch="false"/><line number="73" hits="1" branch="false"/><line number="84" hits="0" branch="false"/><line number="80" hits="1" branch="false"/><line number="75" hits="1" branch="false"/><line number="76" hits="1" branch="false"/><line number="69" hits="1" branch="false"/><line number="72" hits="1" branch="false"/><line number="79" hits="1" branch="false"/><line number="71" hits="1" branch="false"/><line number="74" hits="1" branch="false"/><line number="76" hits="1" branch="false"/><line number="65" hits="1" branch="false"/>
      </lines>
    </method><method name="com.knol.core.impl/KnolRepoImpl/updateKnolder" signature="()V" line-rate="0.92" branch-rate="1.00">
      <lines>
        <line number="96" hits="1" branch="false"/><line number="106" hits="1" branch="false"/><line number="99" hits="1" branch="false"/><line number="102" hits="1" branch="false"/><line number="101" hits="1" branch="false"/><line number="105" hits="1" branch="false"/><line number="95" hits="1" branch="false"/><line number="98" hits="1" branch="false"/><line number="110" hits="0" branch="false"/><line number="100" hits="1" branch="false"/><line number="91" hits="1" branch="false"/><line number="94" hits="1" branch="false"/><line number="97" hits="1" branch="false"/>
      </lines>
    </method><method name="com.knol.core.impl/KnolRepoImpl/getList" signature="()V" line-rate="0.86" branch-rate="1.00">
      <lines>
        <line number="125" hits="1" branch="false"/><line number="127" hits="1" branch="false"/><line number="121" hits="1" branch="false"/><line number="135" hits="0" branch="false"/><line number="130" hits="1" branch="false"/><line number="125" hits="1" branch="false"/><line number="124" hits="1" branch="false"/><line number="140" hits="0" branch="false"/><line number="123" hits="1" branch="false"/><line number="130" hits="1" branch="false"/><line number="126" hits="1" branch="false"/><line number="125" hits="1" branch="false"/><line number="120" hits="1" branch="false"/><line number="129" hits="1" branch="false"/><line number="117" hits="1" branch="false"/><line number="132" hits="1" branch="false"/><line number="128" hits="1" branch="false"/><line number="122" hits="1" branch="false"/><line number="130" hits="1" branch="false"/><line number="136" hits="0" branch="false"/><line number="125" hits="1" branch="false"/><line number="125" hits="1" branch="false"/>
      </lines>
    </method><method name="com.knol.core.impl/KnolRepoImpl/create" signature="()V" line-rate="0.95" branch-rate="1.00">
      <lines>
        <line number="22" hits="1" branch="false"/><line number="29" hits="1" branch="false"/><line number="25" hits="1" branch="false"/><line number="16" hits="1" branch="false"/><line number="19" hits="1" branch="false"/><line number="26" hits="1" branch="false"/><line number="18" hits="1" branch="false"/><line number="25" hits="1" branch="false"/><line number="15" hits="1" branch="false"/><line number="21" hits="1" branch="false"/><line number="24" hits="1" branch="false"/><line number="12" hits="1" branch="false"/><line number="34" hits="0" branch="false"/><line number="30" hits="1" branch="false"/><line number="23" hits="1" branch="false"/><line number="17" hits="1" branch="false"/><line number="25" hits="1" branch="false"/><line number="26" hits="1" branch="false"/><line number="20" hits="1" branch="false"/>
      </lines>
    </method><method name="com.knol.core.impl/KnolRepoImpl/deleteKnolderByID" signature="()V" line-rate="0.92" branch-rate="1.00">
      <lines>
        <line number="47" hits="1" branch="false"/><line number="58" hits="0" branch="false"/><line number="49" hits="1" branch="false"/><line number="44" hits="1" branch="false"/><line number="41" hits="1" branch="false"/><line number="46" hits="1" branch="false"/><line number="54" hits="1" branch="false"/><line number="48" hits="1" branch="false"/><line number="50" hits="1" branch="false"/><line number="49" hits="1" branch="false"/><line number="45" hits="1" branch="false"/><line number="53" hits="1" branch="false"/><line number="48" hits="1" branch="false"/>
      </lines>
    </method>
      </methods>
      <lines>
        <line number="47" hits="1" branch="false"/><line number="125" hits="1" branch="false"/><line number="96" hits="1" branch="false"/><line number="106" hits="1" branch="false"/><line number="127" hits="1" branch="false"/><line number="58" hits="0" branch="false"/><line number="76" hits="1" branch="false"/><line number="99" hits="1" branch="false"/><line number="121" hits="1" branch="false"/><line number="70" hits="1" branch="false"/><line number="22" hits="1" branch="false"/><line number="68" hits="1" branch="false"/><line number="29" hits="1" branch="false"/><line number="49" hits="1" branch="false"/><line number="135" hits="0" branch="false"/><line number="130" hits="1" branch="false"/><line number="25" hits="1" branch="false"/><line number="125" hits="1" branch="false"/><line number="102" hits="1" branch="false"/><line number="73" hits="1" branch="false"/><line number="44" hits="1" branch="false"/><line number="84" hits="0" branch="false"/><line number="41" hits="1" branch="false"/><line number="16" hits="1" branch="false"/><line number="124" hits="1" branch="false"/><line number="19" hits="1" branch="false"/><line number="26" hits="1" branch="false"/><line number="80" hits="1" branch="false"/><line number="140" hits="0" branch="false"/><line number="123" hits="1" branch="false"/><line number="101" hits="1" branch="false"/><line number="130" hits="1" branch="false"/><line number="126" hits="1" branch="false"/><line number="105" hits="1" branch="false"/><line number="75" hits="1" branch="false"/><line number="95" hits="1" branch="false"/><line number="18" hits="1" branch="false"/><line number="25" hits="1" branch="false"/><line number="46" hits="1" branch="false"/><line number="54" hits="1" branch="false"/><line number="125" hits="1" branch="false"/><line number="15" hits="1" branch="false"/><line number="21" hits="1" branch="false"/><line number="120" hits="1" branch="false"/><line number="129" hits="1" branch="false"/><line number="98" hits="1" branch="false"/><line number="76" hits="1" branch="false"/><line number="48" hits="1" branch="false"/><line number="69" hits="1" branch="false"/><line number="117" hits="1" branch="false"/><line number="24" hits="1" branch="false"/><line number="72" hits="1" branch="false"/><line number="12" hits="1" branch="false"/><line number="34" hits="0" branch="false"/><line number="50" hits="1" branch="false"/><line number="110" hits="0" branch="false"/><line number="132" hits="1" branch="false"/><line number="128" hits="1" branch="false"/><line number="122" hits="1" branch="false"/><line number="79" hits="1" branch="false"/><line number="100" hits="1" branch="false"/><line number="130" hits="1" branch="false"/><line number="136" hits="0" branch="false"/><line number="49" hits="1" branch="false"/><line number="71" hits="1" branch="false"/><line number="30" hits="1" branch="false"/><line number="23" hits="1" branch="false"/><line number="91" hits="1" branch="false"/><line number="45" hits="1" branch="false"/><line number="94" hits="1" branch="false"/><line number="17" hits="1" branch="false"/><line number="25" hits="1" branch="false"/><line number="125" hits="1" branch="false"/><line number="53" hits="1" branch="false"/><line number="74" hits="1" branch="false"/><line number="125" hits="1" branch="false"/><line number="26" hits="1" branch="false"/><line number="76" hits="1" branch="false"/><line number="97" hits="1" branch="false"/><line number="48" hits="1" branch="false"/><line number="65" hits="1" branch="false"/><line number="20" hits="1" branch="false"/>
      </lines>
    </class><class name="KnolSessionRepoImpl" filename="src/main/scala/com/knol/core/impl/KnolSessionRepoImpl.scala" line-rate="0.94" branch-rate="1.00" complexity="0">
      <methods>
        <method name="com.knol.core.impl/KnolSessionRepoImpl/joinedSelect" signature="()V" line-rate="0.94" branch-rate="1.00">
      <lines>
        <line number="27" hits="1" branch="false"/><line number="15" hits="1" branch="false"/><line number="29" hits="1" branch="false"/><line number="21" hits="1" branch="false"/><line number="24" hits="1" branch="false"/><line number="33" hits="1" branch="false"/><line number="26" hits="1" branch="false"/><line number="20" hits="1" branch="false"/><line number="29" hits="1" branch="false"/><line number="32" hits="1" branch="false"/><line number="23" hits="1" branch="false"/><line number="22" hits="1" branch="false"/><line number="18" hits="1" branch="false"/><line number="25" hits="1" branch="false"/><line number="37" hits="0" branch="false"/><line number="19" hits="1" branch="false"/><line number="28" hits="1" branch="false"/>
      </lines>
    </method>
      </methods>
      <lines>
        <line number="27" hits="1" branch="false"/><line number="15" hits="1" branch="false"/><line number="29" hits="1" branch="false"/><line number="21" hits="1" branch="false"/><line number="24" hits="1" branch="false"/><line number="33" hits="1" branch="false"/><line number="26" hits="1" branch="false"/><line number="20" hits="1" branch="false"/><line number="29" hits="1" branch="false"/><line number="32" hits="1" branch="false"/><line number="23" hits="1" branch="false"/><line number="22" hits="1" branch="false"/><line number="18" hits="1" branch="false"/><line number="25" hits="1" branch="false"/><line number="37" hits="0" branch="false"/><line number="19" hits="1" branch="false"/><line number="28" hits="1" branch="false"/>
      </lines>
    </class>
      </classes>
    </package><package name="com.knol.db.connection" line-rate="0.88" branch-rate="1.00" complexity="0">
      <classes>
        <class name="DBConnection" filename="src/main/scala/com/knol/db/connection/DBConnection.scala" line-rate="0.88" branch-rate="1.00" complexity="0">
      <methods>
        <method name="com.knol.db.connection/DBConnection/&lt;none&gt;" signature="()V" line-rate="1.00" branch-rate="1.00">
      <lines>
        <line number="14" hits="1" branch="false"/><line number="16" hits="1" branch="false"/><line number="18" hits="1" branch="false"/><line number="13" hits="1" branch="false"/><line number="15" hits="1" branch="false"/><line number="18" hits="1" branch="false"/><line number="17" hits="1" branch="false"/>
      </lines>
    </method><method name="com.knol.db.connection/DBConnection/gotConnection" signature="()V" line-rate="0.80" branch-rate="1.00">
      <lines>
        <line number="22" hits="1" branch="false"/><line number="22" hits="1" branch="false"/><line number="26" hits="0" branch="false"/><line number="22" hits="1" branch="false"/><line number="21" hits="1" branch="false"/><line number="22" hits="1" branch="false"/><line number="20" hits="1" branch="false"/><line number="23" hits="1" branch="false"/><line number="21" hits="1" branch="false"/><line number="27" hits="0" branch="false"/>
      </lines>
    </method>
      </methods>
      <lines>
        <line number="22" hits="1" branch="false"/><line number="14" hits="1" branch="false"/><line number="16" hits="1" branch="false"/><line number="22" hits="1" branch="false"/><line number="26" hits="0" branch="false"/><line number="18" hits="1" branch="false"/><line number="13" hits="1" branch="false"/><line number="22" hits="1" branch="false"/><line number="21" hits="1" branch="false"/><line number="15" hits="1" branch="false"/><line number="22" hits="1" branch="false"/><line number="18" hits="1" branch="false"/><line number="20" hits="1" branch="false"/><line number="23" hits="1" branch="false"/><line number="17" hits="1" branch="false"/><line number="21" hits="1" branch="false"/><line number="27" hits="0" branch="false"/>
      </lines>
    </class>
      </classes>
    </package>
      </packages>
    </coverage>